ISim log file
Running: F:\Project\mips-p7\test_isim_beh.exe -intstyle ise -gui -tclbatch isim.cmd -wdb F:/Project/mips-p7/test_isim_beh.wdb 
ISim P.20131013 (signature 0x7708f090)
WARNING: A WEBPACK license was found.
WARNING: Please use Xilinx License Configuration Manager to check out a full ISim license.
WARNING: ISim will run in Lite mode. Please refer to the ISim documentation for more information on the differences between the Lite and the Full version.
This is a Lite version of ISim.
Time resolution is 1 ps
# onerror resume
# wave add /
# run 1000 ns
Simulator is doing circuit initialization process.
Finished circuit initialization process.
                  45@00003000: $ 1 <= 00000000
                  75@00003004: $ 1 <= 0000fc01
                  95@0000300c: $ 1 <= 0000000a
                 115@00003014: $11 <= 00000009
                 135@0000301c: $ 2 <= 0000000a
                 165@0000301c: $ 2 <= 00000008
                 195@0000301c: $ 2 <= 00000005
                 225@0000301c: $ 2 <= 00000002
                 285@00004180: $20 <= 80000000
                 355@0000301c: $ 2 <= 00000006
                 385@0000301c: $ 2 <= 00000003
                 455@00004180: $20 <= 00000000
                 505@0000301c: $ 2 <= 00000008
                 535@0000301c: $ 2 <= 00000005
                 565@0000301c: $ 2 <= 00000002
                 625@00004180: $20 <= 80000000
                 695@0000301c: $ 2 <= 00000006
                 725@0000301c: $ 2 <= 00000003
                 795@00004180: $20 <= 00000000
                 845@0000301c: $ 2 <= 00000008
                 875@0000301c: $ 2 <= 00000005
                 905@0000301c: $ 2 <= 00000002
                 965@00004180: $20 <= 80000000
